0 info it worked if it ends with ok
1 verbose cli [ '/usr/bin/nodejs', '/usr/bin/npm', 'run', 'lite' ]
2 info using npm@4.1.2
3 info using node@v7.6.0
4 verbose run-script [ 'prelite', 'lite', 'postlite' ]
5 info lifecycle ArtSite@1.0.1~prelite: ArtSite@1.0.1
6 silly lifecycle ArtSite@1.0.1~prelite: no script for prelite, continuing
7 info lifecycle ArtSite@1.0.1~lite: ArtSite@1.0.1
8 verbose lifecycle ArtSite@1.0.1~lite: unsafe-perm in lifecycle true
9 verbose lifecycle ArtSite@1.0.1~lite: PATH: /usr/lib/node_modules/npm/bin/node-gyp-bin:/home/zachglassman/Downloads/ArtProject/node_modules/.bin:/usr/lib/node_modules/npm/bin/node-gyp-bin:/home/zachglassman/Downloads/ArtProject/node_modules/.bin:/home/zachglassman/miniconda3/bin:/usr/local/bin:/usr/bin:/bin:/usr/local/games:/usr/games
10 verbose lifecycle ArtSite@1.0.1~lite: CWD: /home/zachglassman/Downloads/ArtProject
11 silly lifecycle ArtSite@1.0.1~lite: Args: [ '-c', 'lite-server' ]
12 silly lifecycle ArtSite@1.0.1~lite: Returned: code: 1  signal: null
13 info lifecycle ArtSite@1.0.1~lite: Failed to exec lite script
14 verbose stack Error: ArtSite@1.0.1 lite: `lite-server`
14 verbose stack Exit status 1
14 verbose stack     at EventEmitter.<anonymous> (/usr/lib/node_modules/npm/lib/utils/lifecycle.js:279:16)
14 verbose stack     at emitTwo (events.js:106:13)
14 verbose stack     at EventEmitter.emit (events.js:192:7)
14 verbose stack     at ChildProcess.<anonymous> (/usr/lib/node_modules/npm/lib/utils/spawn.js:40:14)
14 verbose stack     at emitTwo (events.js:106:13)
14 verbose stack     at ChildProcess.emit (events.js:192:7)
14 verbose stack     at maybeClose (internal/child_process.js:890:16)
14 verbose stack     at Process.ChildProcess._handle.onexit (internal/child_process.js:226:5)
15 verbose pkgid ArtSite@1.0.1
16 verbose cwd /home/zachglassman/Downloads/ArtProject
17 error Linux 3.8.11
18 error argv "/usr/bin/nodejs" "/usr/bin/npm" "run" "lite"
19 error node v7.6.0
20 error npm  v4.1.2
21 error code ELIFECYCLE
22 error ArtSite@1.0.1 lite: `lite-server`
22 error Exit status 1
23 error Failed at the ArtSite@1.0.1 lite script 'lite-server'.
23 error Make sure you have the latest version of node.js and npm installed.
23 error If you do, this is most likely a problem with the ArtSite package,
23 error not with npm itself.
23 error Tell the author that this fails on your system:
23 error     lite-server
23 error You can get information on how to open an issue for this project with:
23 error     npm bugs ArtSite
23 error Or if that isn't available, you can get their info via:
23 error     npm owner ls ArtSite
23 error There is likely additional logging output above.
24 verbose exit [ 1, true ]
